<?xml version="1.0" encoding="UTF-8"?>
<testng-results skipped="0" failed="0" total="1" passed="1">
  <reporter-output>
  </reporter-output>
  <suite name="BHSuite" duration-ms="9614" started-at="2019-03-07T05:32:02Z" finished-at="2019-03-07T05:32:12Z">
    <groups>
    </groups>
    <test name="BH_AutomationTest" duration-ms="9614" started-at="2019-03-07T05:32:02Z" finished-at="2019-03-07T05:32:12Z">
      <class name="com.test.IWS.TestClass1">
        <test-method status="PASS" signature="openGoogle()[pri:0, instance:com.test.IWS.TestClass1@42d3bd8b]" name="openGoogle" duration-ms="9600" started-at="2019-03-07T11:02:02Z" finished-at="2019-03-07T11:02:12Z">
          <reporter-output>
          </reporter-output>
        </test-method> <!-- openGoogle -->
      </class> <!-- com.test.IWS.TestClass1 -->
    </test> <!-- BH_AutomationTest -->
  </suite> <!-- BHSuite -->
</testng-results>
