<?xml version="1.0" encoding="UTF-8"?>
<testng-results skipped="0" failed="0" total="1" passed="1">
  <reporter-output>
  </reporter-output>
  <suite name="BHSuite" duration-ms="8419" started-at="2019-03-09T06:35:34Z" finished-at="2019-03-09T06:35:42Z">
    <groups>
    </groups>
    <test name="BH_AutomationTest" duration-ms="8419" started-at="2019-03-09T06:35:34Z" finished-at="2019-03-09T06:35:42Z">
      <class name="com.test.IWS.TestClass1">
        <test-method status="PASS" signature="openGoogle()[pri:0, instance:com.test.IWS.TestClass1@42d3bd8b]" name="openGoogle" duration-ms="8399" started-at="2019-03-09T12:05:34Z" finished-at="2019-03-09T12:05:42Z">
          <reporter-output>
          </reporter-output>
        </test-method> <!-- openGoogle -->
      </class> <!-- com.test.IWS.TestClass1 -->
    </test> <!-- BH_AutomationTest -->
  </suite> <!-- BHSuite -->
</testng-results>
