<?xml version="1.0" encoding="UTF-8"?>
<testng-results skipped="0" failed="0" total="1" passed="1">
  <reporter-output>
  </reporter-output>
  <suite name="Default suite" duration-ms="9970" started-at="2019-03-07T11:19:17Z" finished-at="2019-03-07T11:19:27Z">
    <groups>
    </groups>
    <test name="Default test" duration-ms="9970" started-at="2019-03-07T11:19:17Z" finished-at="2019-03-07T11:19:27Z">
      <class name="com.test.IWS.TestClass1">
        <test-method status="PASS" signature="openGoogle()[pri:0, instance:com.test.IWS.TestClass1@2aafb23c]" name="openGoogle" duration-ms="9969" started-at="2019-03-07T16:49:17Z" finished-at="2019-03-07T16:49:27Z">
          <reporter-output>
          </reporter-output>
        </test-method> <!-- openGoogle -->
      </class> <!-- com.test.IWS.TestClass1 -->
    </test> <!-- Default test -->
  </suite> <!-- Default suite -->
</testng-results>
